2020-05-28 03:43:08,495 - vim.py - run_command -                            INFO - Command ran successfully: clear
2020-05-28 03:43:08,495 - vim.py - check_root -                            ERROR - You are not root exiting script...
2020-05-28 03:43:41,583 - vim.py - run_command -                            ERROR - Command failed: apt-get update
2020-05-28 03:44:12,628 - vim.py - run_command -                            ERROR - Command failed: apt-get update
2020-05-28 03:47:36,973 - vim.py - run_command -                            ERROR - Command failed: pacman -Sy  vim git-core
2020-05-28 03:48:02,211 - vim.py - run_command -                            INFO - Command ran successfully: pacman -Sy  vim
2020-05-28 03:48:02,211 - vim.py - directories -                            INFO - creating directory: /root/.vim/
2020-05-28 03:48:02,211 - vim.py - directories -                            INFO - creating directory: /root/.vim/autoload/
2020-05-28 03:48:02,211 - vim.py - directories -                            INFO - creating directory: /root//.vim/bundle/
2020-05-28 03:48:02,212 - vim.py - directories -                            INFO - creating directory: /root//.vim/colors/
2020-05-28 03:48:02,212 - vim.py - directories -                            INFO - creating directory: /root//.vim/ftplugin/
2020-05-28 03:48:02,845 - vim.py - run_command -                            INFO - Command ran successfully: git clone https://github.com/tpope/vim-sensible.git
2020-05-28 03:48:04,920 - vim.py - run_command -                            INFO - Command ran successfully: git clone https://github.com/kien/ctrlp.vim.git
2020-05-28 03:48:08,591 - vim.py - run_command -                            INFO - Command ran successfully: git clone https://github.com/scrooloose/nerdtree
2020-05-28 03:48:28,040 - vim.py - run_command -                            INFO - Command ran successfully: git clone https://github.com/klen/python-mode.git
2020-05-28 03:48:28,944 - vim.py - run_command -                            INFO - Command ran successfully: git clone https://github.com/Lokaltog/vim-powerline.git
2020-05-28 03:48:29,442 - vim.py - run_command -                            INFO - Command ran successfully: git clone https://github.com/jistr/vim-nerdtree-tabs.git
2020-05-28 03:49:59,853 - vim.py - run_command -                            INFO - Command ran successfully: git submodule update --init --recursive
2020-05-28 03:51:05,051 - vim.py - run_command -                            INFO - Command ran successfully: pacman -Sy  vim
2020-05-28 03:51:05,052 - vim.py - directories -                            INFO - creating directory: /home/bsardana/.vim/
2020-05-28 03:51:05,052 - vim.py - directories -                            INFO - creating directory: /home/bsardana/.vim/autoload/
2020-05-28 03:51:05,052 - vim.py - directories -                            INFO - creating directory: /home/bsardana//.vim/bundle/
2020-05-28 03:51:05,052 - vim.py - directories -                            INFO - creating directory: /home/bsardana//.vim/colors/
2020-05-28 03:51:05,052 - vim.py - directories -                            INFO - creating directory: /home/bsardana//.vim/ftplugin/
2020-05-28 03:51:05,440 - vim.py - run_command -                            INFO - Command ran successfully: git clone https://github.com/tpope/vim-sensible.git
2020-05-28 03:51:07,383 - vim.py - run_command -                            INFO - Command ran successfully: git clone https://github.com/kien/ctrlp.vim.git
2020-05-28 03:51:11,054 - vim.py - run_command -                            INFO - Command ran successfully: git clone https://github.com/scrooloose/nerdtree
2020-05-28 03:51:30,266 - vim.py - run_command -                            INFO - Command ran successfully: git clone https://github.com/klen/python-mode.git
2020-05-28 03:51:31,193 - vim.py - run_command -                            INFO - Command ran successfully: git clone https://github.com/Lokaltog/vim-powerline.git
2020-05-28 03:51:31,789 - vim.py - run_command -                            INFO - Command ran successfully: git clone https://github.com/jistr/vim-nerdtree-tabs.git
2020-05-28 03:53:03,028 - vim.py - run_command -                            INFO - Command ran successfully: git submodule update --init --recursive
2020-05-28 03:53:05,693 - vim.py - run_command -                            ERROR - Command failed: chown -H -R bsardana:bsardana /home/bsardana/
